0 verbose cli D:\CSsoft\nodejs\node.exe D:\CSsoft\nodejs\node_modules\npm\bin\npm-cli.js
1 info using npm@11.6.2
2 info using node@v24.11.1
3 silly config load:file:D:\CSsoft\nodejs\node_modules\npm\npmrc
4 silly config load:file:D:\STUDY\a_project\shift-management-system-low-code\backend\.npmrc
5 silly config load:file:C:\Users\crayo\.npmrc
6 silly config load:file:D:\CSsoft\nodejs\node_global\etc\npmrc
7 verbose title npm config set temp ./.npm-temp
8 verbose argv "config" "set" "temp" "./.npm-temp"
9 verbose logfile logs-max:10 dir:D:\STUDY\a_project\shift-management-system-low-code\backend\.npm-cache\_logs\2025-12-01T17_48_10_393Z-
10 verbose logfile D:\STUDY\a_project\shift-management-system-low-code\backend\.npm-cache\_logs\2025-12-01T17_48_10_393Z-debug-0.log
11 silly logfile done cleaning log files
12 info config set "temp" "./.npm-temp"
13 verbose stack Error: `temp` is not a valid npm option
13 verbose stack     at Config.set (D:\CSsoft\nodejs\node_modules\npm\lib\commands\config.js:174:15)
13 verbose stack     at Config.exec (D:\CSsoft\nodejs\node_modules\npm\lib\commands\config.js:139:20)
13 verbose stack     at D:\CSsoft\nodejs\node_modules\npm\lib\npm.js:256:63
13 verbose stack     at Object.start (D:\CSsoft\nodejs\node_modules\npm\node_modules\proc-log\lib\index.js:101:21)
13 verbose stack     at #exec (D:\CSsoft\nodejs\node_modules\npm\lib\npm.js:255:17)
13 verbose stack     at async Npm.exec (D:\CSsoft\nodejs\node_modules\npm\lib\npm.js:208:9)
13 verbose stack     at async module.exports (D:\CSsoft\nodejs\node_modules\npm\lib\cli\entry.js:67:5)
14 error `temp` is not a valid npm option
15 verbose cwd D:\STUDY\a_project\shift-management-system-low-code\backend
16 verbose os Windows_NT 10.0.26100
17 verbose node v24.11.1
18 verbose npm  v11.6.2
19 verbose exit 1
20 verbose code 1
21 error A complete log of this run can be found in: D:\STUDY\a_project\shift-management-system-low-code\backend\.npm-cache\_logs\2025-12-01T17_48_10_393Z-debug-0.log
